2026-07-05T00:02:47.816+08:00 ERROR 5188 --- [mySpringAi] [OkHttp http://localhost:4318/...] [                                                 ] i.o.exporter.internal.http.HttpExporter  : Failed to export spans. The request could not be executed.

java.io.InterruptedIOException: timeout
	at okhttp3.internal.connection.RealCall.timeoutExit(RealCall.kt:398) ~[okhttp-4.12.0.jar:na]
	at okhttp3.internal.connection.RealCall.callDone(RealCall.kt:360) ~[okhttp-4.12.0.jar:na]
	at okhttp3.internal.connection.RealCall.noMoreExchanges$okhttp(RealCall.kt:325) ~[okhttp-4.12.0.jar:na]
	at okhttp3.internal.connection.RealCall.getResponseWithInterceptorChain$okhttp(RealCall.kt:209) ~[okhttp-4.12.0.jar:na]
	at okhttp3.internal.connection.RealCall$AsyncCall.run(RealCall.kt:517) ~[okhttp-4.12.0.jar:na]
	at java.base/java.util.concurrent.ThreadPoolExecutor.runWorker(ThreadPoolExecutor.java:1090) ~[na:na]
	at java.base/java.util.concurrent.ThreadPoolExecutor$Worker.run(ThreadPoolExecutor.java:614) ~[na:na]
	at java.base/java.lang.Thread.run(Thread.java:1474) ~[na:na]
Caused by: java.io.IOException: Canceled
	at okhttp3.internal.http.RetryAndFollowUpInterceptor.intercept(RetryAndFollowUpInterceptor.kt:72) ~[okhttp-4.12.0.jar:na]
	at okhttp3.internal.http.RealInterceptorChain.proceed(RealInterceptorChain.kt:109) ~[okhttp-4.12.0.jar:na]
	at io.opentelemetry.exporter.sender.okhttp.internal.RetryInterceptor.intercept(RetryInterceptor.java:96) ~[opentelemetry-exporter-sender-okhttp-1.62.0.jar:1.62.0]
	at okhttp3.internal.http.RealInterceptorChain.proceed(RealInterceptorChain.kt:109) ~[okhttp-4.12.0.jar:na]
	at okhttp3.internal.connection.RealCall.getResponseWithInterceptorChain$okhttp(RealCall.kt:201) ~[okhttp-4.12.0.jar:na]
	... 4 common frames omitted

2026-07-05T00:04:29.149+08:00  WARN 5188 --- [mySpringAi] [HikariPool-1:housekeeper] [                                                 ] com.zaxxer.hikari.pool.HikariPool        : HikariPool-1 - Thread starvation or clock leap detected (housekeeper delta=1m46s149ms914µs).
2026-07-05T00:06:29.163+08:00  INFO 5188 --- [mySpringAi] [File Watcher] [                                                 ] rtingClassPathChangeChangedEventListener : Restarting due to 1 class path change (0 additions, 1 deletion, 0 modifications)
2026-07-05T00:06:29.182+08:00  INFO 5188 --- [mySpringAi] [Thread-1] [                                                 ] o.s.boot.tomcat.GracefulShutdown         : Commencing graceful shutdown. Waiting for active requests to complete
2026-07-05T00:06:29.190+08:00  INFO 5188 --- [mySpringAi] [tomcat-shutdown] [                                                 ] o.s.boot.tomcat.GracefulShutdown         : Graceful shutdown complete
2026-07-05T00:06:29.218+08:00  INFO 5188 --- [mySpringAi] [Thread-1] [                                                 ] j.LocalContainerEntityManagerFactoryBean : Closing JPA EntityManagerFactory for persistence unit 'default'
2026-07-05T00:06:29.229+08:00  INFO 5188 --- [mySpringAi] [Thread-1] [                                                 ] com.zaxxer.hikari.HikariDataSource       : HikariPool-1 - Shutdown initiated...
2026-07-05T00:06:29.354+08:00  INFO 5188 --- [mySpringAi] [Thread-1] [                                                 ] com.zaxxer.hikari.HikariDataSource       : HikariPool-1 - Shutdown completed.
2026-07-05T00:06:29.886+08:00  INFO 5188 --- [mySpringAi] [restartedMain] [                                                 ] c.e.mySpringAi.MySpringAiApplication     : Starting MySpringAiApplication using Java 25.0.1 with PID 5188 (D:\IdeaProjects\mySpringAi\target\classes started by tony.shangkuan in D:\IdeaProjects\MySpringAi)
2026-07-05T00:06:29.892+08:00  INFO 5188 --- [mySpringAi] [restartedMain] [                                                 ] c.e.mySpringAi.MySpringAiApplication     : No active profile set, falling back to 1 default profile: "default"
2026-07-05T00:06:29.901+08:00  INFO 5188 --- [mySpringAi] [restartedMain] [                                                 ] .s.b.d.c.l.DockerComposeLifecycleManager : Using Docker Compose file D:\IdeaProjects\mySpringAi\compose.yml
2026-07-05T00:06:30.659+08:00  INFO 5188 --- [mySpringAi] [restartedMain] [                                                 ] .s.b.d.c.l.DockerComposeLifecycleManager : There are already Docker Compose services running, skipping startup
2026-07-05T00:06:31.275+08:00  INFO 5188 --- [mySpringAi] [restartedMain] [                                                 ] .s.d.r.c.RepositoryConfigurationDelegate : Multiple Spring Data modules found, entering strict repository configuration mode
2026-07-05T00:06:31.276+08:00  INFO 5188 --- [mySpringAi] [restartedMain] [                                                 ] .s.d.r.c.RepositoryConfigurationDelegate : Bootstrapping Spring Data JPA repositories in DEFAULT mode.
2026-07-05T00:06:31.378+08:00  INFO 5188 --- [mySpringAi] [restartedMain] [                                                 ] .s.d.r.c.RepositoryConfigurationDelegate : Finished Spring Data repository scanning in 98 ms. Found 1 JPA repository interface.
2026-07-05T00:06:31.890+08:00  INFO 5188 --- [mySpringAi] [restartedMain] [                                                 ] o.s.boot.tomcat.TomcatWebServer          : Tomcat initialized with port 8080 (http)
2026-07-05T00:06:31.892+08:00  INFO 5188 --- [mySpringAi] [restartedMain] [                                                 ] o.apache.catalina.core.StandardService   : Starting service [Tomcat]
2026-07-05T00:06:31.893+08:00  INFO 5188 --- [mySpringAi] [restartedMain] [                                                 ] o.apache.catalina.core.StandardEngine    : Starting Servlet engine: [Apache Tomcat/11.0.22]
2026-07-05T00:06:31.989+08:00  INFO 5188 --- [mySpringAi] [restartedMain] [                                                 ] b.w.c.s.WebApplicationContextInitializer : Root WebApplicationContext: initialization completed in 1328 ms
2026-07-05T00:06:32.188+08:00  INFO 5188 --- [mySpringAi] [restartedMain] [                                                 ] com.zaxxer.hikari.HikariDataSource       : HikariPool-2 - Starting...
2026-07-05T00:06:32.237+08:00  INFO 5188 --- [mySpringAi] [restartedMain] [                                                 ] com.zaxxer.hikari.pool.HikariPool        : HikariPool-2 - Added connection conn12: url=jdbc:h2:file:./h2db/chatmemory user=SA
2026-07-05T00:06:32.238+08:00  INFO 5188 --- [mySpringAi] [restartedMain] [                                                 ] com.zaxxer.hikari.HikariDataSource       : HikariPool-2 - Start completed.
2026-07-05T00:06:32.264+08:00  INFO 5188 --- [mySpringAi] [restartedMain] [                                                 ] org.hibernate.orm.jpa                    : HHH008540: Processing PersistenceUnitInfo [name: default]
2026-07-05T00:06:32.336+08:00  INFO 5188 --- [mySpringAi] [restartedMain] [                                                 ] o.s.o.j.p.SpringPersistenceUnitInfo      : No LoadTimeWeaver setup: ignoring JPA class transformer
2026-07-05T00:06:32.338+08:00  INFO 5188 --- [mySpringAi] [restartedMain] [                                                 ] org.hibernate.orm.connections.pooling    : HHH10001005: Database info:
	Database JDBC URL [jdbc:h2:file:./h2db/chatmemory]
	Database driver: H2 JDBC Driver
	Database dialect: H2Dialect
	Database version: 2.4.240
	Default catalog/schema: CHATMEMORY/PUBLIC
	Autocommit mode: undefined/unknown
	Isolation level: READ_COMMITTED [default READ_COMMITTED]
	JDBC fetch size: 100
	Pool: DataSourceConnectionProvider
	Minimum pool size: undefined/unknown
	Maximum pool size: undefined/unknown
2026-07-05T00:06:32.442+08:00  INFO 5188 --- [mySpringAi] [restartedMain] [                                                 ] org.hibernate.orm.core                   : HHH000489: No JTA platform available (set 'hibernate.transaction.jta.platform' to enable JTA platform integration)
2026-07-05T00:06:32.449+08:00  INFO 5188 --- [mySpringAi] [restartedMain] [                                                 ] j.LocalContainerEntityManagerFactoryBean : Initialized JPA EntityManagerFactory for persistence unit 'default'
2026-07-05T00:06:33.699+08:00  INFO 5188 --- [mySpringAi] [restartedMain] [                                                 ] c.e.m.util.component.rag.RagDataLoader   : rag-collection 已有資料，跳過載入
2026-07-05T00:06:33.703+08:00  INFO 5188 --- [mySpringAi] [restartedMain] [                                                 ] c.e.m.util.component.rag.RagDataLoader   : pdf-collection 已有資料，跳過載入
2026-07-05T00:06:33.720+08:00  WARN 5188 --- [mySpringAi] [restartedMain] [                                                 ] JpaBaseConfiguration$JpaWebConfiguration : spring.jpa.open-in-view is enabled by default. Therefore, database queries may be performed during view rendering. Explicitly configure spring.jpa.open-in-view to disable this warning
2026-07-05T00:06:34.712+08:00  INFO 5188 --- [mySpringAi] [restartedMain] [                                                 ] o.s.b.a.e.web.EndpointLinksResolver      : Exposing 3 endpoints beneath base path '/actuator'
2026-07-05T00:06:34.768+08:00  WARN 5188 --- [mySpringAi] [restartedMain] [                                                 ] o.s.a.m.a.p.s.SyncMcpSamplingProvider    : No sampling methods found
2026-07-05T00:06:34.768+08:00  WARN 5188 --- [mySpringAi] [restartedMain] [                                                 ] o.s.a.m.a.p.e.SyncMcpElicitationProvider : No elicitation methods found
2026-07-05T00:06:34.786+08:00  INFO 5188 --- [mySpringAi] [restartedMain] [                                                 ] o.s.boot.tomcat.TomcatWebServer          : Tomcat started on port 8080 (http) with context path '/'
2026-07-05T00:06:34.873+08:00  INFO 5188 --- [mySpringAi] [restartedMain] [                                                 ] c.e.mySpringAi.MySpringAiApplication     : Started MySpringAiApplication in 5.36 seconds (process running for 977.211)
2026-07-05T00:06:34.876+08:00  INFO 5188 --- [mySpringAi] [restartedMain] [                                                 ] .ConditionEvaluationDeltaLoggingListener : Condition evaluation unchanged
2026-07-05T00:06:36.103+08:00  INFO 5188 --- [mySpringAi] [File Watcher] [                                                 ] rtingClassPathChangeChangedEventListener : Restarting due to 1 class path change (1 addition, 0 deletions, 0 modifications)
2026-07-05T00:06:36.105+08:00  INFO 5188 --- [mySpringAi] [Thread-35] [                                                 ] o.s.boot.tomcat.GracefulShutdown         : Commencing graceful shutdown. Waiting for active requests to complete
2026-07-05T00:06:36.112+08:00  INFO 5188 --- [mySpringAi] [tomcat-shutdown] [                                                 ] o.s.boot.tomcat.GracefulShutdown         : Graceful shutdown complete
2026-07-05T00:06:36.118+08:00  INFO 5188 --- [mySpringAi] [Thread-35] [                                                 ] j.LocalContainerEntityManagerFactoryBean : Closing JPA EntityManagerFactory for persistence unit 'default'
2026-07-05T00:06:36.119+08:00  INFO 5188 --- [mySpringAi] [Thread-35] [                                                 ] com.zaxxer.hikari.HikariDataSource       : HikariPool-2 - Shutdown initiated...
2026-07-05T00:06:36.253+08:00  INFO 5188 --- [mySpringAi] [Thread-35] [                                                 ] com.zaxxer.hikari.HikariDataSource       : HikariPool-2 - Shutdown completed.
2026-07-05T00:06:36.653+08:00  INFO 5188 --- [mySpringAi] [restartedMain] [                                                 ] c.e.mySpringAi.MySpringAiApplication     : Starting MySpringAiApplication using Java 25.0.1 with PID 5188 (D:\IdeaProjects\mySpringAi\target\classes started by tony.shangkuan in D:\IdeaProjects\MySpringAi)
2026-07-05T00:06:36.653+08:00  INFO 5188 --- [mySpringAi] [restartedMain] [                                                 ] c.e.mySpringAi.MySpringAiApplication     : No active profile set, falling back to 1 default profile: "default"
2026-07-05T00:06:36.659+08:00  INFO 5188 --- [mySpringAi] [restartedMain] [                                                 ] .s.b.d.c.l.DockerComposeLifecycleManager : Using Docker Compose file D:\IdeaProjects\mySpringAi\compose.yml
2026-07-05T00:06:37.295+08:00  INFO 5188 --- [mySpringAi] [restartedMain] [                                                 ] .s.b.d.c.l.DockerComposeLifecycleManager : There are already Docker Compose services running, skipping startup
2026-07-05T00:06:37.613+08:00  INFO 5188 --- [mySpringAi] [restartedMain] [                                                 ] .s.d.r.c.RepositoryConfigurationDelegate : Multiple Spring Data modules found, entering strict repository configuration mode
2026-07-05T00:06:37.613+08:00  INFO 5188 --- [mySpringAi] [restartedMain] [                                                 ] .s.d.r.c.RepositoryConfigurationDelegate : Bootstrapping Spring Data JPA repositories in DEFAULT mode.
2026-07-05T00:06:37.688+08:00  INFO 5188 --- [mySpringAi] [restartedMain] [                                                 ] .s.d.r.c.RepositoryConfigurationDelegate : Finished Spring Data repository scanning in 73 ms. Found 1 JPA repository interface.
2026-07-05T00:06:37.991+08:00  INFO 5188 --- [mySpringAi] [restartedMain] [                                                 ] o.s.boot.tomcat.TomcatWebServer          : Tomcat initialized with port 8080 (http)
2026-07-05T00:06:37.991+08:00  INFO 5188 --- [mySpringAi] [restartedMain] [                                                 ] o.apache.catalina.core.StandardService   : Starting service [Tomcat]
2026-07-05T00:06:37.992+08:00  INFO 5188 --- [mySpringAi] [restartedMain] [                                                 ] o.apache.catalina.core.StandardEngine    : Starting Servlet engine: [Apache Tomcat/11.0.22]
2026-07-05T00:06:38.069+08:00  INFO 5188 --- [mySpringAi] [restartedMain] [                                                 ] b.w.c.s.WebApplicationContextInitializer : Root WebApplicationContext: initialization completed in 773 ms
2026-07-05T00:06:38.156+08:00  INFO 5188 --- [mySpringAi] [restartedMain] [                                                 ] com.zaxxer.hikari.HikariDataSource       : HikariPool-3 - Starting...
2026-07-05T00:06:38.215+08:00  INFO 5188 --- [mySpringAi] [restartedMain] [                                                 ] com.zaxxer.hikari.pool.HikariPool        : HikariPool-3 - Added connection conn23: url=jdbc:h2:file:./h2db/chatmemory user=SA
2026-07-05T00:06:38.216+08:00  INFO 5188 --- [mySpringAi] [restartedMain] [                                                 ] com.zaxxer.hikari.HikariDataSource       : HikariPool-3 - Start completed.
2026-07-05T00:06:38.235+08:00  INFO 5188 --- [mySpringAi] [restartedMain] [                                                 ] org.hibernate.orm.jpa                    : HHH008540: Processing PersistenceUnitInfo [name: default]
2026-07-05T00:06:38.277+08:00  INFO 5188 --- [mySpringAi] [restartedMain] [                                                 ] o.s.o.j.p.SpringPersistenceUnitInfo      : No LoadTimeWeaver setup: ignoring JPA class transformer
2026-07-05T00:06:38.280+08:00  INFO 5188 --- [mySpringAi] [restartedMain] [                                                 ] org.hibernate.orm.connections.pooling    : HHH10001005: Database info:
	Database JDBC URL [jdbc:h2:file:./h2db/chatmemory]
	Database driver: H2 JDBC Driver
	Database dialect: H2Dialect
	Database version: 2.4.240
	Default catalog/schema: CHATMEMORY/PUBLIC
	Autocommit mode: undefined/unknown
	Isolation level: READ_COMMITTED [default READ_COMMITTED]
	JDBC fetch size: 100
	Pool: DataSourceConnectionProvider
	Minimum pool size: undefined/unknown
	Maximum pool size: undefined/unknown
2026-07-05T00:06:38.332+08:00  INFO 5188 --- [mySpringAi] [restartedMain] [                                                 ] org.hibernate.orm.core                   : HHH000489: No JTA platform available (set 'hibernate.transaction.jta.platform' to enable JTA platform integration)
2026-07-05T00:06:38.336+08:00  INFO 5188 --- [mySpringAi] [restartedMain] [                                                 ] j.LocalContainerEntityManagerFactoryBean : Initialized JPA EntityManagerFactory for persistence unit 'default'
2026-07-05T00:06:39.325+08:00  INFO 5188 --- [mySpringAi] [restartedMain] [                                                 ] c.e.m.util.component.rag.RagDataLoader   : rag-collection 已有資料，跳過載入
2026-07-05T00:06:39.329+08:00  INFO 5188 --- [mySpringAi] [restartedMain] [                                                 ] c.e.m.util.component.rag.RagDataLoader   : pdf-collection 已有資料，跳過載入
2026-07-05T00:06:39.342+08:00  WARN 5188 --- [mySpringAi] [restartedMain] [                                                 ] JpaBaseConfiguration$JpaWebConfiguration : spring.jpa.open-in-view is enabled by default. Therefore, database queries may be performed during view rendering. Explicitly configure spring.jpa.open-in-view to disable this warning
2026-07-05T00:06:39.664+08:00  INFO 5188 --- [mySpringAi] [restartedMain] [                                                 ] o.s.b.a.e.web.EndpointLinksResolver      : Exposing 3 endpoints beneath base path '/actuator'
2026-07-05T00:06:39.737+08:00  WARN 5188 --- [mySpringAi] [restartedMain] [                                                 ] o.s.a.m.a.p.s.SyncMcpSamplingProvider    : No sampling methods found
2026-07-05T00:06:39.737+08:00  WARN 5188 --- [mySpringAi] [restartedMain] [                                                 ] o.s.a.m.a.p.e.SyncMcpElicitationProvider : No elicitation methods found
2026-07-05T00:06:39.754+08:00  INFO 5188 --- [mySpringAi] [restartedMain] [                                                 ] o.s.boot.tomcat.TomcatWebServer          : Tomcat started on port 8080 (http) with context path '/'
2026-07-05T00:06:39.822+08:00  INFO 5188 --- [mySpringAi] [restartedMain] [                                                 ] c.e.mySpringAi.MySpringAiApplication     : Started MySpringAiApplication in 3.431 seconds (process running for 982.16)
2026-07-05T00:06:39.824+08:00  INFO 5188 --- [mySpringAi] [restartedMain] [                                                 ] .ConditionEvaluationDeltaLoggingListener : Condition evaluation unchanged
2026-07-05T00:06:43.338+08:00  INFO 5188 --- [mySpringAi] [http-nio-8080-exec-1] [                                                 ] o.a.c.c.C.[Tomcat].[localhost].[/]       : Initializing Spring DispatcherServlet 'dispatcherServlet'
2026-07-05T00:06:43.338+08:00  INFO 5188 --- [mySpringAi] [http-nio-8080-exec-1] [                                                 ] o.s.web.servlet.DispatcherServlet        : Initializing Servlet 'dispatcherServlet'
2026-07-05T00:06:43.342+08:00  INFO 5188 --- [mySpringAi] [http-nio-8080-exec-1] [                                                 ] o.s.web.servlet.DispatcherServlet        : Completed initialization in 4 ms
2026-07-05T00:07:22.311+08:00  INFO 5188 --- [mySpringAi] [SpringApplicationShutdownHook] [                                                 ] o.s.boot.tomcat.GracefulShutdown         : Commencing graceful shutdown. Waiting for active requests to complete
2026-07-05T00:07:22.319+08:00  INFO 5188 --- [mySpringAi] [tomcat-shutdown] [                                                 ] o.s.boot.tomcat.GracefulShutdown         : Graceful shutdown complete
2026-07-05T00:07:22.329+08:00  INFO 5188 --- [mySpringAi] [SpringApplicationShutdownHook] [                                                 ] j.LocalContainerEntityManagerFactoryBean : Closing JPA EntityManagerFactory for persistence unit 'default'
2026-07-05T00:07:22.330+08:00  INFO 5188 --- [mySpringAi] [SpringApplicationShutdownHook] [                                                 ] com.zaxxer.hikari.HikariDataSource       : HikariPool-3 - Shutdown initiated...
2026-07-05T00:07:22.331+08:00  INFO 5188 --- [mySpringAi] [SpringApplicationShutdownHook] [                                                 ] com.zaxxer.hikari.HikariDataSource       : HikariPool-3 - Shutdown completed.
2026-07-05T00:07:32.405+08:00  INFO 15412 --- [mySpringAi] [restartedMain] [                                                 ] c.e.mySpringAi.MySpringAiApplication     : Starting MySpringAiApplication using Java 25.0.1 with PID 15412 (D:\IdeaProjects\mySpringAi\target\classes started by tony.shangkuan in D:\IdeaProjects\MySpringAi)
2026-07-05T00:07:32.431+08:00  INFO 15412 --- [mySpringAi] [restartedMain] [                                                 ] c.e.mySpringAi.MySpringAiApplication     : No active profile set, falling back to 1 default profile: "default"
2026-07-05T00:07:32.505+08:00  INFO 15412 --- [mySpringAi] [restartedMain] [                                                 ] .e.DevToolsPropertyDefaultsPostProcessor : Devtools property defaults active! Set 'spring.devtools.add-properties' to 'false' to disable
2026-07-05T00:07:32.505+08:00  INFO 15412 --- [mySpringAi] [restartedMain] [                                                 ] .e.DevToolsPropertyDefaultsPostProcessor : For additional web related logging consider setting the 'logging.level.web' property to 'DEBUG'
2026-07-05T00:07:32.528+08:00  INFO 15412 --- [mySpringAi] [restartedMain] [                                                 ] .s.b.d.c.l.DockerComposeLifecycleManager : Using Docker Compose file D:\IdeaProjects\mySpringAi\compose.yml
2026-07-05T00:07:33.644+08:00  INFO 15412 --- [mySpringAi] [OutputReader-stderr] [                                                 ] o.s.boot.docker.compose.core.DockerCli   :  Network myspringai_default Creating 
2026-07-05T00:07:33.808+08:00  INFO 15412 --- [mySpringAi] [OutputReader-stderr] [                                                 ] o.s.boot.docker.compose.core.DockerCli   :  Network myspringai_default Created 
2026-07-05T00:07:33.823+08:00  INFO 15412 --- [mySpringAi] [OutputReader-stderr] [                                                 ] o.s.boot.docker.compose.core.DockerCli   :  Container myspringai-redis-1 Creating 
2026-07-05T00:07:33.824+08:00  INFO 15412 --- [mySpringAi] [OutputReader-stderr] [                                                 ] o.s.boot.docker.compose.core.DockerCli   :  Container myspringai-prometheus-1 Creating 
2026-07-05T00:07:33.824+08:00  INFO 15412 --- [mySpringAi] [OutputReader-stderr] [                                                 ] o.s.boot.docker.compose.core.DockerCli   :  Container myspringai-grafana-1 Creating 
2026-07-05T00:07:33.824+08:00  INFO 15412 --- [mySpringAi] [OutputReader-stderr] [                                                 ] o.s.boot.docker.compose.core.DockerCli   :  Container myspringai-qdrant-1 Creating 
2026-07-05T00:07:33.824+08:00  INFO 15412 --- [mySpringAi] [OutputReader-stderr] [                                                 ] o.s.boot.docker.compose.core.DockerCli   :  Container myspringai-jaeger-1 Creating 
2026-07-05T00:07:36.402+08:00  INFO 15412 --- [mySpringAi] [OutputReader-stderr] [                                                 ] o.s.boot.docker.compose.core.DockerCli   :  Container myspringai-grafana-1 Created 
2026-07-05T00:07:36.962+08:00  INFO 15412 --- [mySpringAi] [OutputReader-stderr] [                                                 ] o.s.boot.docker.compose.core.DockerCli   :  Container myspringai-prometheus-1 Created 
2026-07-05T00:07:36.962+08:00  INFO 15412 --- [mySpringAi] [OutputReader-stderr] [                                                 ] o.s.boot.docker.compose.core.DockerCli   :  Container myspringai-redis-1 Created 
2026-07-05T00:07:37.038+08:00  INFO 15412 --- [mySpringAi] [OutputReader-stderr] [                                                 ] o.s.boot.docker.compose.core.DockerCli   :  Container myspringai-jaeger-1 Created 
2026-07-05T00:07:37.040+08:00  INFO 15412 --- [mySpringAi] [OutputReader-stderr] [                                                 ] o.s.boot.docker.compose.core.DockerCli   :  Container myspringai-qdrant-1 Created 
2026-07-05T00:07:37.127+08:00  INFO 15412 --- [mySpringAi] [OutputReader-stderr] [                                                 ] o.s.boot.docker.compose.core.DockerCli   :  Container myspringai-redis-1 Starting 
2026-07-05T00:07:37.127+08:00  INFO 15412 --- [mySpringAi] [OutputReader-stderr] [                                                 ] o.s.boot.docker.compose.core.DockerCli   :  Container myspringai-qdrant-1 Starting 
2026-07-05T00:07:37.128+08:00  INFO 15412 --- [mySpringAi] [OutputReader-stderr] [                                                 ] o.s.boot.docker.compose.core.DockerCli   :  Container myspringai-grafana-1 Starting 
2026-07-05T00:07:37.128+08:00  INFO 15412 --- [mySpringAi] [OutputReader-stderr] [                                                 ] o.s.boot.docker.compose.core.DockerCli   :  Container myspringai-jaeger-1 Starting 
2026-07-05T00:07:37.128+08:00  INFO 15412 --- [mySpringAi] [OutputReader-stderr] [                                                 ] o.s.boot.docker.compose.core.DockerCli   :  Container myspringai-prometheus-1 Starting 
2026-07-05T00:07:40.545+08:00  INFO 15412 --- [mySpringAi] [OutputReader-stderr] [                                                 ] o.s.boot.docker.compose.core.DockerCli   :  Container myspringai-redis-1 Started 
2026-07-05T00:07:41.067+08:00  INFO 15412 --- [mySpringAi] [OutputReader-stderr] [                                                 ] o.s.boot.docker.compose.core.DockerCli   :  Container myspringai-prometheus-1 Started 
2026-07-05T00:07:41.085+08:00  INFO 15412 --- [mySpringAi] [OutputReader-stderr] [                                                 ] o.s.boot.docker.compose.core.DockerCli   :  Container myspringai-qdrant-1 Started 
2026-07-05T00:07:41.162+08:00  INFO 15412 --- [mySpringAi] [OutputReader-stderr] [                                                 ] o.s.boot.docker.compose.core.DockerCli   :  Container myspringai-jaeger-1 Started 
2026-07-05T00:07:41.250+08:00  INFO 15412 --- [mySpringAi] [OutputReader-stderr] [                                                 ] o.s.boot.docker.compose.core.DockerCli   :  Container myspringai-grafana-1 Started 
2026-07-05T00:07:41.250+08:00  INFO 15412 --- [mySpringAi] [OutputReader-stderr] [                                                 ] o.s.boot.docker.compose.core.DockerCli   :  Container myspringai-prometheus-1 Waiting 
2026-07-05T00:07:41.251+08:00  INFO 15412 --- [mySpringAi] [OutputReader-stderr] [                                                 ] o.s.boot.docker.compose.core.DockerCli   :  Container myspringai-grafana-1 Waiting 
2026-07-05T00:07:41.251+08:00  INFO 15412 --- [mySpringAi] [OutputReader-stderr] [                                                 ] o.s.boot.docker.compose.core.DockerCli   :  Container myspringai-jaeger-1 Waiting 
2026-07-05T00:07:41.251+08:00  INFO 15412 --- [mySpringAi] [OutputReader-stderr] [                                                 ] o.s.boot.docker.compose.core.DockerCli   :  Container myspringai-qdrant-1 Waiting 
2026-07-05T00:07:41.252+08:00  INFO 15412 --- [mySpringAi] [OutputReader-stderr] [                                                 ] o.s.boot.docker.compose.core.DockerCli   :  Container myspringai-redis-1 Waiting 
2026-07-05T00:07:41.757+08:00  INFO 15412 --- [mySpringAi] [OutputReader-stderr] [                                                 ] o.s.boot.docker.compose.core.DockerCli   :  Container myspringai-qdrant-1 Healthy 
2026-07-05T00:07:41.758+08:00  INFO 15412 --- [mySpringAi] [OutputReader-stderr] [                                                 ] o.s.boot.docker.compose.core.DockerCli   :  Container myspringai-prometheus-1 Healthy 
2026-07-05T00:07:41.759+08:00  INFO 15412 --- [mySpringAi] [OutputReader-stderr] [                                                 ] o.s.boot.docker.compose.core.DockerCli   :  Container myspringai-grafana-1 Healthy 
2026-07-05T00:07:41.763+08:00  INFO 15412 --- [mySpringAi] [OutputReader-stderr] [                                                 ] o.s.boot.docker.compose.core.DockerCli   :  Container myspringai-redis-1 Healthy 
2026-07-05T00:07:41.764+08:00  INFO 15412 --- [mySpringAi] [OutputReader-stderr] [                                                 ] o.s.boot.docker.compose.core.DockerCli   :  Container myspringai-jaeger-1 Healthy 
2026-07-05T00:07:57.670+08:00  INFO 15412 --- [mySpringAi] [restartedMain] [                                                 ] .s.d.r.c.RepositoryConfigurationDelegate : Multiple Spring Data modules found, entering strict repository configuration mode
2026-07-05T00:07:57.672+08:00  INFO 15412 --- [mySpringAi] [restartedMain] [                                                 ] .s.d.r.c.RepositoryConfigurationDelegate : Bootstrapping Spring Data JPA repositories in DEFAULT mode.
2026-07-05T00:07:57.913+08:00  INFO 15412 --- [mySpringAi] [restartedMain] [                                                 ] .s.d.r.c.RepositoryConfigurationDelegate : Finished Spring Data repository scanning in 229 ms. Found 1 JPA repository interface.
2026-07-05T00:07:59.291+08:00  INFO 15412 --- [mySpringAi] [restartedMain] [                                                 ] o.s.boot.tomcat.TomcatWebServer          : Tomcat initialized with port 8080 (http)
2026-07-05T00:07:59.308+08:00  INFO 15412 --- [mySpringAi] [restartedMain] [                                                 ] o.apache.catalina.core.StandardService   : Starting service [Tomcat]
2026-07-05T00:07:59.308+08:00  INFO 15412 --- [mySpringAi] [restartedMain] [                                                 ] o.apache.catalina.core.StandardEngine    : Starting Servlet engine: [Apache Tomcat/11.0.22]
2026-07-05T00:07:59.407+08:00  INFO 15412 --- [mySpringAi] [restartedMain] [                                                 ] b.w.c.s.WebApplicationContextInitializer : Root WebApplicationContext: initialization completed in 2886 ms
2026-07-05T00:07:59.860+08:00  INFO 15412 --- [mySpringAi] [restartedMain] [                                                 ] com.zaxxer.hikari.HikariDataSource       : HikariPool-1 - Starting...
2026-07-05T00:08:00.176+08:00  INFO 15412 --- [mySpringAi] [restartedMain] [                                                 ] com.zaxxer.hikari.pool.HikariPool        : HikariPool-1 - Added connection conn1: url=jdbc:h2:file:./h2db/chatmemory user=SA
2026-07-05T00:08:00.178+08:00  INFO 15412 --- [mySpringAi] [restartedMain] [                                                 ] com.zaxxer.hikari.HikariDataSource       : HikariPool-1 - Start completed.
2026-07-05T00:08:00.282+08:00  INFO 15412 --- [mySpringAi] [restartedMain] [                                                 ] org.hibernate.orm.jpa                    : HHH008540: Processing PersistenceUnitInfo [name: default]
2026-07-05T00:08:00.351+08:00  INFO 15412 --- [mySpringAi] [restartedMain] [                                                 ] org.hibernate.orm.core                   : HHH000001: Hibernate ORM core version 7.4.1.Final
2026-07-05T00:08:01.003+08:00  INFO 15412 --- [mySpringAi] [restartedMain] [                                                 ] o.s.o.j.p.SpringPersistenceUnitInfo      : No LoadTimeWeaver setup: ignoring JPA class transformer
2026-07-05T00:08:01.101+08:00  INFO 15412 --- [mySpringAi] [restartedMain] [                                                 ] org.hibernate.orm.connections.pooling    : HHH10001005: Database info:
	Database JDBC URL [jdbc:h2:file:./h2db/chatmemory]
	Database driver: H2 JDBC Driver
	Database dialect: H2Dialect
	Database version: 2.4.240
	Default catalog/schema: CHATMEMORY/PUBLIC
	Autocommit mode: undefined/unknown
	Isolation level: READ_COMMITTED [default READ_COMMITTED]
	JDBC fetch size: 100
	Pool: DataSourceConnectionProvider
	Minimum pool size: undefined/unknown
	Maximum pool size: undefined/unknown
2026-07-05T00:08:02.306+08:00  INFO 15412 --- [mySpringAi] [restartedMain] [                                                 ] org.hibernate.orm.core                   : HHH000489: No JTA platform available (set 'hibernate.transaction.jta.platform' to enable JTA platform integration)
2026-07-05T00:08:02.367+08:00  INFO 15412 --- [mySpringAi] [restartedMain] [                                                 ] j.LocalContainerEntityManagerFactoryBean : Initialized JPA EntityManagerFactory for persistence unit 'default'
2026-07-05T00:08:10.920+08:00  INFO 15412 --- [mySpringAi] [restartedMain] [                                                 ] o.s.d.j.r.query.QueryEnhancerFactories   : Hibernate is in classpath; If applicable, HQL parser will be used.
2026-07-05T00:08:12.243+08:00  INFO 15412 --- [mySpringAi] [restartedMain] [                                                 ] c.e.m.util.component.rag.RagDataLoader   : PDF 讀取完成，共 1 份文件
2026-07-05T00:08:12.400+08:00  INFO 15412 --- [mySpringAi] [restartedMain] [                                                 ] o.s.a.transformer.splitter.TextSplitter  : Splitting up document into 6 chunks.
2026-07-05T00:08:14.115+08:00  INFO 15412 --- [mySpringAi] [restartedMain] [                                                 ] c.e.m.util.component.rag.RagDataLoader   : pdf-collection 載入完成
2026-07-05T00:08:15.130+08:00  INFO 15412 --- [mySpringAi] [restartedMain] [                                                 ] c.e.m.util.component.rag.RagDataLoader   : rag-collection 載入完成，共 54 筆
2026-07-05T00:08:15.158+08:00  WARN 15412 --- [mySpringAi] [restartedMain] [                                                 ] JpaBaseConfiguration$JpaWebConfiguration : spring.jpa.open-in-view is enabled by default. Therefore, database queries may be performed during view rendering. Explicitly configure spring.jpa.open-in-view to disable this warning
2026-07-05T00:08:15.760+08:00  INFO 15412 --- [mySpringAi] [restartedMain] [                                                 ] o.s.b.a.e.web.EndpointLinksResolver      : Exposing 3 endpoints beneath base path '/actuator'
2026-07-05T00:08:15.825+08:00  WARN 15412 --- [mySpringAi] [restartedMain] [                                                 ] o.s.a.m.a.p.s.SyncMcpSamplingProvider    : No sampling methods found
2026-07-05T00:08:15.826+08:00  WARN 15412 --- [mySpringAi] [restartedMain] [                                                 ] o.s.a.m.a.p.e.SyncMcpElicitationProvider : No elicitation methods found
2026-07-05T00:08:15.902+08:00  INFO 15412 --- [mySpringAi] [restartedMain] [                                                 ] o.s.boot.tomcat.TomcatWebServer          : Tomcat started on port 8080 (http) with context path '/'
2026-07-05T00:08:16.057+08:00  INFO 15412 --- [mySpringAi] [restartedMain] [                                                 ] c.e.mySpringAi.MySpringAiApplication     : Started MySpringAiApplication in 44.57 seconds (process running for 46.581)
2026-07-05T00:08:16.642+08:00  INFO 15412 --- [mySpringAi] [RMI TCP Connection(3)-192.168.50.58] [                                                 ] o.a.c.c.C.[Tomcat].[localhost].[/]       : Initializing Spring DispatcherServlet 'dispatcherServlet'
2026-07-05T00:08:16.643+08:00  INFO 15412 --- [mySpringAi] [RMI TCP Connection(3)-192.168.50.58] [                                                 ] o.s.web.servlet.DispatcherServlet        : Initializing Servlet 'dispatcherServlet'
2026-07-05T00:08:16.649+08:00  INFO 15412 --- [mySpringAi] [RMI TCP Connection(3)-192.168.50.58] [                                                 ] o.s.web.servlet.DispatcherServlet        : Completed initialization in 6 ms
2026-07-05T00:09:07.376+08:00  INFO 15412 --- [mySpringAi] [http-nio-8080-exec-3] [3d7bc02994941885cb1a20086988447b-496f48deb9554d6d] c.e.m.controller.ImageController         : 圖片生成請求 (options): A quiet coastal town at dawn, soft golden sunlight reflecting on calm ocean waves, a small lighthouse on a cliff, seagulls flying in the distance, ultra-realistic, natural lighting, cinematic composition, high detail
2026-07-05T00:09:30.975+08:00  INFO 15412 --- [mySpringAi] [http-nio-8080-exec-3] [3d7bc02994941885cb1a20086988447b-496f48deb9554d6d] c.e.m.controller.ImageController         : 圖片已儲存至: D:\IdeaProjects\MySpringAi\image-output\image-options.png
2026-07-05T00:10:30.136+08:00  INFO 15412 --- [mySpringAi] [SpringApplicationShutdownHook] [                                                 ] o.s.boot.tomcat.GracefulShutdown         : Commencing graceful shutdown. Waiting for active requests to complete
2026-07-05T00:10:30.143+08:00  INFO 15412 --- [mySpringAi] [tomcat-shutdown] [                                                 ] o.s.boot.tomcat.GracefulShutdown         : Graceful shutdown complete
2026-07-05T00:10:30.160+08:00  INFO 15412 --- [mySpringAi] [SpringApplicationShutdownHook] [                                                 ] j.LocalContainerEntityManagerFactoryBean : Closing JPA EntityManagerFactory for persistence unit 'default'
2026-07-05T00:10:30.165+08:00  INFO 15412 --- [mySpringAi] [SpringApplicationShutdownHook] [                                                 ] com.zaxxer.hikari.HikariDataSource       : HikariPool-1 - Shutdown initiated...
2026-07-05T00:10:30.167+08:00  INFO 15412 --- [mySpringAi] [SpringApplicationShutdownHook] [                                                 ] com.zaxxer.hikari.HikariDataSource       : HikariPool-1 - Shutdown completed.
